#
# There is insufficient memory for the Java Runtime Environment to continue.
# Native memory allocation (malloc) failed to allocate 1386736 bytes for Chunk::new
# Possible reasons:
#   The system is out of physical RAM or swap space
#   The process is running with CompressedOops enabled, and the Java Heap may be blocking the growth of the native heap
# Possible solutions:
#   Reduce memory load on the system
#   Increase physical memory or swap space
#   Check if swap backing store is full
#   Decrease Java heap size (-Xmx/-Xms)
#   Decrease number of Java threads
#   Decrease Java thread stack sizes (-Xss)
#   Set larger code cache with -XX:ReservedCodeCacheSize=
#   JVM is running with Unscaled Compressed Oops mode in which the Java heap is
#     placed in the first 4GB address space. The Java Heap base address is the
#     maximum limit for the native heap growth. Please use -XX:HeapBaseMinAddress
#     to set the Java Heap base and to place the Java Heap above 4GB virtual address.
# This output file may be truncated or incomplete.
#
#  Out of Memory Error (allocation.cpp:389), pid=7300, tid=0x0000000000000678
#
# JRE version: OpenJDK Runtime Environment (8.0_202-b03) (build 1.8.0_202-release-1483-b03)
# Java VM: OpenJDK 64-Bit Server VM (25.202-b03 mixed mode windows-amd64 compressed oops)
# Failed to write core dump. Minidumps are not enabled by default on client versions of Windows
#

---------------  T H R E A D  ---------------

Current thread (0x000000001937e000):  JavaThread "C2 CompilerThread1" daemon [_thread_in_native, id=1656, stack(0x0000000019a30000,0x0000000019b30000)]

Stack: [0x0000000019a30000,0x0000000019b30000]
[error occurred during error reporting (printing stack bounds), id 0xc0000005]

Native frames: (J=compiled Java code, j=interpreted, Vv=VM code, C=native code)


Current CompileTask:
C2:25113987 53160 %     4       com.sun.crypto.provider.TlsPrfGenerator::expand @ 3 (245 bytes)


---------------  P R O C E S S  ---------------

Java Threads: ( => current thread )
  0x0000000023303800 JavaThread "Cache worker for file content cache (D:\DuoDuo-Android\mochat_android\.gradle\5.1.1\fileContent)" [_thread_blocked, id=4024, stack(0x0000000060a50000,0x0000000060b50000)]
  0x0000000023300800 JavaThread "Cache worker for Build Output Cleanup Cache (D:\DuoDuo-Android\mochat_android\.gradle\buildOutputCleanup)" [_thread_blocked, id=2668, stack(0x0000000060950000,0x0000000060a50000)]
  0x0000000023302000 JavaThread "Build operations Thread 6" [_thread_blocked, id=6216, stack(0x0000000060850000,0x0000000060950000)]
  0x0000000023304000 JavaThread "Build operations Thread 5" [_thread_blocked, id=2544, stack(0x0000000060750000,0x0000000060850000)]
  0x00000000232fc000 JavaThread "Build operations Thread 4" [_thread_blocked, id=7768, stack(0x0000000060650000,0x0000000060750000)]
  0x00000000232ff800 JavaThread "Build operations Thread 3" [_thread_blocked, id=7792, stack(0x0000000060550000,0x0000000060650000)]
  0x00000000232fe000 JavaThread "Build operations Thread 2" [_thread_blocked, id=1424, stack(0x0000000060450000,0x0000000060550000)]
  0x00000000236af000 JavaThread "Build operations" [_thread_blocked, id=8796, stack(0x0000000060350000,0x0000000060450000)]
  0x00000000236ad000 JavaThread "Cache worker for cache directory md-rule (C:\Users\Administrator\.gradle\caches\5.1.1\md-rule)" [_thread_blocked, id=4416, stack(0x0000000060250000,0x0000000060350000)]
  0x00000000236aa000 JavaThread "Cache worker for cache directory md-supplier (C:\Users\Administrator\.gradle\caches\5.1.1\md-supplier)" [_thread_blocked, id=8572, stack(0x0000000060150000,0x0000000060250000)]
  0x00000000236a1800 JavaThread "Cache worker for file hash cache (D:\DuoDuo-Android\mochat_android\.gradle\5.1.1\fileHashes)" [_thread_blocked, id=1204, stack(0x0000000060050000,0x0000000060150000)]
  0x00000000236a8800 JavaThread "Thread-1276" [_thread_blocked, id=216, stack(0x000000005ff50000,0x0000000060050000)]
  0x00000000236a1000 JavaThread "Stdin handler" [_thread_blocked, id=9072, stack(0x000000005fe50000,0x000000005ff50000)]
  0x00000000236a7800 JavaThread "Asynchronous log dispatcher for DefaultDaemonConnection: socket connection from /127.0.0.1:49850 to /127.0.0.1:54247" [_thread_blocked, id=2128, stack(0x000000005fd50000,0x000000005fe50000)]
  0x00000000236a2800 JavaThread "Cancel handler" [_thread_blocked, id=3004, stack(0x000000005fc50000,0x000000005fd50000)]
  0x00000000236a0000 JavaThread "Handler for socket connection from /127.0.0.1:49850 to /127.0.0.1:54247" [_thread_in_native, id=2748, stack(0x000000005fb50000,0x000000005fc50000)]
  0x000000002cc19800 JavaThread "Daemon worker Thread 34" [_thread_in_native, id=8436, stack(0x000000005aa00000,0x000000005ab00000)]
  0x000000002cc19000 JavaThread "Daemon Thread 34" [_thread_blocked, id=3412, stack(0x000000005a700000,0x000000005a800000)]
  0x000000001dc29800 JavaThread "Cache worker for Java compile cache (C:\Users\Administrator\.gradle\caches\5.1.1\javaCompile)" [_thread_blocked, id=8380, stack(0x00000000289d0000,0x0000000028ad0000)]
  0x0000000023a6d800 JavaThread "Cache worker for file content cache (C:\Users\Administrator\.gradle\caches\5.1.1\fileContent)" [_thread_blocked, id=604, stack(0x00000000270d0000,0x00000000271d0000)]
  0x000000001c1a1000 JavaThread "Memory manager" [_thread_blocked, id=2328, stack(0x0000000022060000,0x0000000022160000)]
  0x000000001c19b000 JavaThread "Cache worker for execution history cache (C:\Users\Administrator\.gradle\caches\5.1.1\executionHistory)" [_thread_blocked, id=7224, stack(0x0000000020c60000,0x0000000020d60000)]
  0x000000001ada8800 JavaThread "Cache worker for journal cache (C:\Users\Administrator\.gradle\caches\journal-1)" [_thread_blocked, id=6836, stack(0x000000001d580000,0x000000001d680000)]
  0x000000001adad800 JavaThread "File lock request listener" [_thread_in_native, id=8148, stack(0x000000001d480000,0x000000001d580000)]
  0x000000001b64c800 JavaThread "Cache worker for file hash cache (C:\Users\Administrator\.gradle\caches\5.1.1\fileHashes)" [_thread_blocked, id=1560, stack(0x000000001d380000,0x000000001d480000)]
  0x000000001b82d000 JavaThread "Daemon periodic checks" [_thread_blocked, id=6832, stack(0x000000001c980000,0x000000001ca80000)]
  0x000000001b446800 JavaThread "Incoming local TCP Connector on port 49850" [_thread_in_native, id=4056, stack(0x000000001c7d0000,0x000000001c8d0000)]
  0x0000000019407800 JavaThread "Service Thread" daemon [_thread_blocked, id=1012, stack(0x0000000019c30000,0x0000000019d30000)]
  0x0000000019380000 JavaThread "C1 CompilerThread2" daemon [_thread_blocked, id=872, stack(0x0000000019b30000,0x0000000019c30000)]
=>0x000000001937e000 JavaThread "C2 CompilerThread1" daemon [_thread_in_native, id=1656, stack(0x0000000019a30000,0x0000000019b30000)]
  0x0000000017842000 JavaThread "C2 CompilerThread0" daemon [_thread_blocked, id=7236, stack(0x0000000019930000,0x0000000019a30000)]
  0x000000001937a800 JavaThread "Attach Listener" daemon [_thread_blocked, id=8172, stack(0x0000000019830000,0x0000000019930000)]
  0x000000001782b800 JavaThread "Signal Dispatcher" daemon [_thread_blocked, id=7276, stack(0x0000000019730000,0x0000000019830000)]
  0x00000000029cb800 JavaThread "Finalizer" daemon [_thread_blocked, id=7240, stack(0x00000000190d0000,0x00000000191d0000)]
  0x00000000029c3000 JavaThread "Reference Handler" daemon [_thread_blocked, id=7428, stack(0x0000000018fd0000,0x00000000190d0000)]
  0x00000000028ce800 JavaThread "main" [_thread_blocked, id=7228, stack(0x00000000027c0000,0x00000000028c0000)]

Other Threads:
  0x00000000177f7000 VMThread [stack: 0x0000000018ed0000,0x0000000018fd0000] [id=7264]
  0x0000000019408800 WatcherThread [stack: 0x0000000019d30000,0x0000000019e30000] [id=7640]

VM state:not at safepoint (normal execution)

VM Mutex/Monitor currently owned by a thread: None

heap address: 0x0000000080000000, size: 2048 MB, Compressed Oops mode: 32-bit
Narrow klass base: 0x0000000000000000, Narrow klass shift: 3
Compressed class space size: 1073741824 Address: 0x0000000100000000

Heap:
 PSYoungGen      total 532992K, used 111695K [0x00000000d5580000, 0x0000000100000000, 0x0000000100000000)
  eden space 377344K, 26% used [0x00000000d5580000,0x00000000db6c4060,0x00000000ec600000)
  from space 155648K, 7% used [0x00000000ec600000,0x00000000ed1cfd20,0x00000000f5e00000)
  to   space 154624K, 0% used [0x00000000f6900000,0x00000000f6900000,0x0000000100000000)
 ParOldGen       total 865792K, used 638255K [0x0000000080000000, 0x00000000b4d80000, 0x00000000d5580000)
  object space 865792K, 73% used [0x0000000080000000,0x00000000a6f4bf18,0x00000000b4d80000)
 Metaspace       used 123378K, capacity 131092K, committed 131288K, reserved 1165312K
  class space    used 14309K, capacity 15742K, committed 15872K, reserved 1048576K

Card table byte_map: [0x0000000011d90000,0x00000000121a0000] byte_map_base: 0x0000000011990000

Marking Bits: (ParMarkBitMap*) 0x000000005f8c9f30
 Begin Bits: [0x0000000012a50000, 0x0000000014a50000)
 End Bits:   [0x0000000014a50000, 0x0000000016a50000)

Polling page: 0x0000000000760000

CodeCache: size=245760Kb used=131215Kb max_used=131242Kb free=114544Kb
 bounds [0x00000000029d0000, 0x000000000aae0000, 0x00000000119d0000]
 total_blobs=34822 nmethods=33850 adapters=880
 compilation: enabled

Compilation events (10 events):
Event: 25105.179 Thread 0x000000001937e000 nmethod 53155 0x0000000009affe50 code [0x0000000009afffa0, 0x0000000009b002b8]
Event: 25105.192 Thread 0x0000000017842000 53156   !   4       org.apache.http.impl.io.AbstractMessageParser::parseHeaders (339 bytes)
Event: 25105.205 Thread 0x0000000017842000 nmethod 53156 0x0000000007e51a50 code [0x0000000007e51c40, 0x0000000007e52be8]
Event: 25105.492 Thread 0x0000000019380000 53157       3       org.gradle.internal.resource.metadata.DefaultExternalResourceMetaData::<init> (38 bytes)
Event: 25105.492 Thread 0x0000000019380000 nmethod 53157 0x00000000047410d0 code [0x0000000004741220, 0x0000000004741450]
Event: 25105.594 Thread 0x0000000019380000 53158  s    3       sun.security.util.MemoryCache::remove (29 bytes)
Event: 25105.595 Thread 0x0000000019380000 nmethod 53158 0x0000000009aff390 code [0x0000000009aff540, 0x0000000009affc18]
Event: 25105.595 Thread 0x0000000019380000 53159       3       sun.security.ec.ECKeyFactory::<init> (5 bytes)
Event: 25105.595 Thread 0x0000000019380000 nmethod 53159 0x0000000007e62290 code [0x0000000007e62400, 0x0000000007e62610]
Event: 25105.596 Thread 0x000000001937e000 53160 %     4       com.sun.crypto.provider.TlsPrfGenerator::expand @ 3 (245 bytes)

GC Heap History (10 events):
Event: 25061.061 GC heap before
{Heap before GC invocations=252 (full 21):
 PSYoungGen      total 530944K, used 399018K [0x00000000d5580000, 0x0000000100000000, 0x0000000100000000)
  eden space 375808K, 100% used [0x00000000d5580000,0x00000000ec480000,0x00000000ec480000)
  from space 155136K, 14% used [0x00000000f5900000,0x00000000f6faa930,0x00000000ff080000)
  to   space 152064K, 0% used [0x00000000ec480000,0x00000000ec480000,0x00000000f5900000)
 ParOldGen       total 865792K, used 380596K [0x0000000080000000, 0x00000000b4d80000, 0x00000000d5580000)
  object space 865792K, 43% used [0x0000000080000000,0x00000000973ad2f8,0x00000000b4d80000)
 Metaspace       used 122670K, capacity 130428K, committed 131288K, reserved 1165312K
  class space    used 14246K, capacity 15674K, committed 15872K, reserved 1048576K
Event: 25061.117 GC heap after
Heap after GC invocations=252 (full 21):
 PSYoungGen      total 527872K, used 82017K [0x00000000d5580000, 0x00000000ffc00000, 0x0000000100000000)
  eden space 375808K, 0% used [0x00000000d5580000,0x00000000d5580000,0x00000000ec480000)
  from space 152064K, 53% used [0x00000000ec480000,0x00000000f1498710,0x00000000f5900000)
  to   space 151552K, 0% used [0x00000000f6800000,0x00000000f6800000,0x00000000ffc00000)
 ParOldGen       total 865792K, used 401750K [0x0000000080000000, 0x00000000b4d80000, 0x00000000d5580000)
  object space 865792K, 46% used [0x0000000080000000,0x0000000098855a18,0x00000000b4d80000)
 Metaspace       used 122670K, capacity 130428K, committed 131288K, reserved 1165312K
  class space    used 14246K, capacity 15674K, committed 15872K, reserved 1048576K
}
Event: 25061.739 GC heap before
{Heap before GC invocations=253 (full 21):
 PSYoungGen      total 527872K, used 457825K [0x00000000d5580000, 0x00000000ffc00000, 0x0000000100000000)
  eden space 375808K, 100% used [0x00000000d5580000,0x00000000ec480000,0x00000000ec480000)
  from space 152064K, 53% used [0x00000000ec480000,0x00000000f1498710,0x00000000f5900000)
  to   space 151552K, 0% used [0x00000000f6800000,0x00000000f6800000,0x00000000ffc00000)
 ParOldGen       total 865792K, used 401750K [0x0000000080000000, 0x00000000b4d80000, 0x00000000d5580000)
  object space 865792K, 46% used [0x0000000080000000,0x0000000098855a18,0x00000000b4d80000)
 Metaspace       used 123311K, capacity 131086K, committed 131288K, reserved 1165312K
  class space    used 14309K, capacity 15741K, committed 15872K, reserved 1048576K
Event: 25061.821 GC heap after
Heap after GC invocations=253 (full 21):
 PSYoungGen      total 520704K, used 120339K [0x00000000d5580000, 0x0000000100000000, 0x0000000100000000)
  eden space 369152K, 0% used [0x00000000d5580000,0x00000000d5580000,0x00000000ebe00000)
  from space 151552K, 79% used [0x00000000f6800000,0x00000000fdd84f20,0x00000000ffc00000)
  to   space 164864K, 0% used [0x00000000ebe00000,0x00000000ebe00000,0x00000000f5f00000)
 ParOldGen       total 865792K, used 467312K [0x0000000080000000, 0x00000000b4d80000, 0x00000000d5580000)
  object space 865792K, 53% used [0x0000000080000000,0x000000009c85c3e8,0x00000000b4d80000)
 Metaspace       used 123311K, capacity 131086K, committed 131288K, reserved 1165312K
  class space    used 14309K, capacity 15741K, committed 15872K, reserved 1048576K
}
Event: 25062.618 GC heap before
{Heap before GC invocations=254 (full 21):
 PSYoungGen      total 520704K, used 489491K [0x00000000d5580000, 0x0000000100000000, 0x0000000100000000)
  eden space 369152K, 100% used [0x00000000d5580000,0x00000000ebe00000,0x00000000ebe00000)
  from space 151552K, 79% used [0x00000000f6800000,0x00000000fdd84f20,0x00000000ffc00000)
  to   space 164864K, 0% used [0x00000000ebe00000,0x00000000ebe00000,0x00000000f5f00000)
 ParOldGen       total 865792K, used 467312K [0x0000000080000000, 0x00000000b4d80000, 0x00000000d5580000)
  object space 865792K, 53% used [0x0000000080000000,0x000000009c85c3e8,0x00000000b4d80000)
 Metaspace       used 123312K, capacity 131086K, committed 131288K, reserved 1165312K
  class space    used 14309K, capacity 15741K, committed 15872K, reserved 1048576K
Event: 25062.700 GC heap after
Heap after GC invocations=254 (full 21):
 PSYoungGen      total 534016K, used 57491K [0x00000000d5580000, 0x00000000ffd00000, 0x0000000100000000)
  eden space 369152K, 0% used [0x00000000d5580000,0x00000000d5580000,0x00000000ebe00000)
  from space 164864K, 34% used [0x00000000ebe00000,0x00000000ef624e70,0x00000000f5f00000)
  to   space 156672K, 0% used [0x00000000f6400000,0x00000000f6400000,0x00000000ffd00000)
 ParOldGen       total 865792K, used 585746K [0x0000000080000000, 0x00000000b4d80000, 0x00000000d5580000)
  object space 865792K, 67% used [0x0000000080000000,0x00000000a3c049a8,0x00000000b4d80000)
 Metaspace       used 123312K, capacity 131086K, committed 131288K, reserved 1165312K
  class space    used 14309K, capacity 15741K, committed 15872K, reserved 1048576K
}
Event: 25063.800 GC heap before
{Heap before GC invocations=255 (full 21):
 PSYoungGen      total 534016K, used 426643K [0x00000000d5580000, 0x00000000ffd00000, 0x0000000100000000)
  eden space 369152K, 100% used [0x00000000d5580000,0x00000000ebe00000,0x00000000ebe00000)
  from space 164864K, 34% used [0x00000000ebe00000,0x00000000ef624e70,0x00000000f5f00000)
  to   space 156672K, 0% used [0x00000000f6400000,0x00000000f6400000,0x00000000ffd00000)
 ParOldGen       total 865792K, used 585746K [0x0000000080000000, 0x00000000b4d80000, 0x00000000d5580000)
  object space 865792K, 67% used [0x0000000080000000,0x00000000a3c049a8,0x00000000b4d80000)
 Metaspace       used 123312K, capacity 131086K, committed 131288K, reserved 1165312K
  class space    used 14309K, capacity 15741K, committed 15872K, reserved 1048576K
Event: 25063.843 GC heap after
Heap after GC invocations=255 (full 21):
 PSYoungGen      total 526848K, used 17892K [0x00000000d5580000, 0x00000000ff600000, 0x0000000100000000)
  eden space 377344K, 0% used [0x00000000d5580000,0x00000000d5580000,0x00000000ec600000)
  from space 149504K, 11% used [0x00000000f6400000,0x00000000f7579278,0x00000000ff600000)
  to   space 155648K, 0% used [0x00000000ec600000,0x00000000ec600000,0x00000000f5e00000)
 ParOldGen       total 865792K, used 621769K [0x0000000080000000, 0x00000000b4d80000, 0x00000000d5580000)
  object space 865792K, 71% used [0x0000000080000000,0x00000000a5f32528,0x00000000b4d80000)
 Metaspace       used 123312K, capacity 131086K, committed 131288K, reserved 1165312K
  class space    used 14309K, capacity 15741K, committed 15872K, reserved 1048576K
}
Event: 25065.692 GC heap before
{Heap before GC invocations=256 (full 21):
 PSYoungGen      total 526848K, used 395236K [0x00000000d5580000, 0x00000000ff600000, 0x0000000100000000)
  eden space 377344K, 100% used [0x00000000d5580000,0x00000000ec600000,0x00000000ec600000)
  from space 149504K, 11% used [0x00000000f6400000,0x00000000f7579278,0x00000000ff600000)
  to   space 155648K, 0% used [0x00000000ec600000,0x00000000ec600000,0x00000000f5e00000)
 ParOldGen       total 865792K, used 621769K [0x0000000080000000, 0x00000000b4d80000, 0x00000000d5580000)
  object space 865792K, 71% used [0x0000000080000000,0x00000000a5f32528,0x00000000b4d80000)
 Metaspace       used 123314K, capacity 131086K, committed 131288K, reserved 1165312K
  class space    used 14309K, capacity 15741K, committed 15872K, reserved 1048576K
Event: 25065.716 GC heap after
Heap after GC invocations=256 (full 21):
 PSYoungGen      total 532992K, used 12095K [0x00000000d5580000, 0x0000000100000000, 0x0000000100000000)
  eden space 377344K, 0% used [0x00000000d5580000,0x00000000d5580000,0x00000000ec600000)
  from space 155648K, 7% used [0x00000000ec600000,0x00000000ed1cfd20,0x00000000f5e00000)
  to   space 154624K, 0% used [0x00000000f6900000,0x00000000f6900000,0x0000000100000000)
 ParOldGen       total 865792K, used 638255K [0x0000000080000000, 0x00000000b4d80000, 0x00000000d5580000)
  object space 865792K, 73% used [0x0000000080000000,0x00000000a6f4bf18,0x00000000b4d80000)
 Metaspace       used 123314K, capacity 131086K, committed 131288K, reserved 1165312K
  class space    used 14309K, capacity 15741K, committed 15872K, reserved 1048576K
}

Deoptimization events (10 events):
Event: 24778.726 Thread 0x000000002330a000 Uncommon trap: reason=bimorphic action=maybe_recompile pc=0x00000000055a10d8 method=java.lang.Throwable.<init>(Ljava/lang/String;Ljava/lang/Throwable;)V @ 24
Event: 24778.775 Thread 0x000000002330a000 Uncommon trap: reason=unstable_if action=reinterpret pc=0x00000000080df5b8 method=org.gradle.execution.plan.DefaultExecutionPlan.nodeComplete(Lorg/gradle/execution/plan/Node;)V @ 15
Event: 24778.780 Thread 0x000000002cc19000 Uncommon trap: reason=bimorphic action=maybe_recompile pc=0x000000000397e11c method=org.gradle.internal.logging.text.AbstractStyledTextOutput.text(Ljava/lang/Object;)Lorg/gradle/internal/logging/text/StyledTextOutput; @ 11
Event: 24787.291 Thread 0x0000000023308800 Uncommon trap: reason=unstable_if action=reinterpret pc=0x000000000477f21c method=com.google.common.cache.LocalCache$Segment.runLockedCleanup(J)V @ 4
Event: 25002.283 Thread 0x000000002cc19800 Uncommon trap: reason=class_check action=maybe_recompile pc=0x0000000004f36478 method=com.google.common.collect.AbstractMapBasedMultimap.get(Ljava/lang/Object;)Ljava/util/Collection; @ 5
Event: 25002.294 Thread 0x000000002cc19800 Uncommon trap: reason=class_check action=maybe_recompile pc=0x0000000004f36478 method=com.google.common.collect.AbstractMapBasedMultimap.get(Ljava/lang/Object;)Ljava/util/Collection; @ 5
Event: 25002.302 Thread 0x000000002cc19800 Uncommon trap: reason=class_check action=maybe_recompile pc=0x0000000004f36478 method=com.google.common.collect.AbstractMapBasedMultimap.get(Ljava/lang/Object;)Ljava/util/Collection; @ 5
Event: 25007.966 Thread 0x00000000236a0000 Uncommon trap: reason=unstable_if action=reinterpret pc=0x000000000a30b798 method=com.android.tools.r8.ir.optimize.CodeRewriter.isNullCheck(Lcom/android/tools/r8/ir/code/Instruction;Lcom/android/tools/r8/ir/code/Value;)Z @ 4
Event: 25059.340 Thread 0x000000002cc19800 Uncommon trap: reason=class_check action=maybe_recompile pc=0x0000000004f36478 method=com.google.common.collect.AbstractMapBasedMultimap.get(Ljava/lang/Object;)Ljava/util/Collection; @ 5
Event: 25060.306 Thread 0x000000002cc12000 Uncommon trap: reason=unstable_if action=reinterpret pc=0x000000000a6e972c method=org.gradle.api.internal.tasks.compile.incremental.asm.ClassDependenciesVisitor.isConstant(I)Z @ 4

Classes redefined (0 events):
No events

Internal exceptions (10 events):
Event: 25105.100 Thread 0x000000002cc19800 Exception <a 'sun/nio/fs/WindowsException'> (0x00000000d8e85848) thrown at [D:\src\AOSP-openjdk-cygwin\jdk8u\hotspot\src\share\vm\prims\jni.cpp, line 710]
Event: 25105.100 Thread 0x000000002cc19800 Exception <a 'sun/nio/fs/WindowsException'> (0x00000000d8e865b8) thrown at [D:\src\AOSP-openjdk-cygwin\jdk8u\hotspot\src\share\vm\prims\jni.cpp, line 710]
Event: 25105.100 Thread 0x000000002cc19800 Exception <a 'sun/nio/fs/WindowsException'> (0x00000000d8e88738) thrown at [D:\src\AOSP-openjdk-cygwin\jdk8u\hotspot\src\share\vm\prims\jni.cpp, line 710]
Event: 25105.100 Thread 0x000000002cc19800 Exception <a 'sun/nio/fs/WindowsException'> (0x00000000d8e894e0) thrown at [D:\src\AOSP-openjdk-cygwin\jdk8u\hotspot\src\share\vm\prims\jni.cpp, line 710]
Event: 25105.108 Thread 0x000000002cc19800 Exception <a 'sun/nio/fs/WindowsException'> (0x00000000d9172490) thrown at [D:\src\AOSP-openjdk-cygwin\jdk8u\hotspot\src\share\vm\prims\jni.cpp, line 710]
Event: 25105.119 Thread 0x000000002cc19800 Exception <a 'sun/nio/fs/WindowsException'> (0x00000000d94dc4d0) thrown at [D:\src\AOSP-openjdk-cygwin\jdk8u\hotspot\src\share\vm\prims\jni.cpp, line 710]
Event: 25105.126 Thread 0x000000002cc19800 Exception <a 'sun/nio/fs/WindowsException'> (0x00000000d974bbf8) thrown at [D:\src\AOSP-openjdk-cygwin\jdk8u\hotspot\src\share\vm\prims\jni.cpp, line 710]
Event: 25105.134 Thread 0x000000002cc19800 Exception <a 'sun/nio/fs/WindowsException'> (0x00000000d99bba78) thrown at [D:\src\AOSP-openjdk-cygwin\jdk8u\hotspot\src\share\vm\prims\jni.cpp, line 710]
Event: 25105.141 Thread 0x000000002cc19800 Exception <a 'sun/nio/fs/WindowsException'> (0x00000000d9c298c8) thrown at [D:\src\AOSP-openjdk-cygwin\jdk8u\hotspot\src\share\vm\prims\jni.cpp, line 710]
Event: 25105.148 Thread 0x000000002cc19800 Exception <a 'sun/nio/fs/WindowsException'> (0x00000000d9e91930) thrown at [D:\src\AOSP-openjdk-cygwin\jdk8u\hotspot\src\share\vm\prims\jni.cpp, line 710]

Events (10 events):
Event: 25105.653 Executing VM operation: RevokeBias
Event: 25105.653 Executing VM operation: RevokeBias done
Event: 25105.662 Executing VM operation: RevokeBias
Event: 25105.662 Executing VM operation: RevokeBias done
Event: 25105.662 Executing VM operation: RevokeBias
Event: 25105.662 Executing VM operation: RevokeBias done
Event: 25105.663 Executing VM operation: RevokeBias
Event: 25105.663 Executing VM operation: RevokeBias done
Event: 25105.663 Executing VM operation: RevokeBias
Event: 25105.663 Executing VM operation: RevokeBias done


Dynamic libraries:
0x00007ff714ba0000 - 0x00007ff714bd1000 	D:\AndroidStudio\jre\bin\java.exe
0x00007ffa18d20000 - 0x00007ffa18f01000 	C:\Windows\SYSTEM32\ntdll.dll
0x00007ffa16380000 - 0x00007ffa16432000 	C:\Windows\System32\KERNEL32.DLL
0x00007ffa15260000 - 0x00007ffa154d3000 	C:\Windows\System32\KERNELBASE.dll
0x00007ffa16a20000 - 0x00007ffa16ac1000 	C:\Windows\System32\ADVAPI32.dll
0x00007ffa17fb0000 - 0x00007ffa1804e000 	C:\Windows\System32\msvcrt.dll
0x00007ffa16ae0000 - 0x00007ffa16b3b000 	C:\Windows\System32\sechost.dll
0x00007ffa161d0000 - 0x00007ffa162f4000 	C:\Windows\System32\RPCRT4.dll
0x00007ffa18ab0000 - 0x00007ffa18c40000 	C:\Windows\System32\USER32.dll
0x00007ffa15240000 - 0x00007ffa15260000 	C:\Windows\System32\win32u.dll
0x00007ffa17f80000 - 0x00007ffa17fa8000 	C:\Windows\System32\GDI32.dll
0x00007ffa15900000 - 0x00007ffa15a92000 	C:\Windows\System32\gdi32full.dll
0x00007ffa15860000 - 0x00007ffa158ff000 	C:\Windows\System32\msvcp_win.dll
0x00007ffa150f0000 - 0x00007ffa151ea000 	C:\Windows\System32\ucrtbase.dll
0x00007ffa074a0000 - 0x00007ffa07709000 	C:\Windows\WinSxS\amd64_microsoft.windows.common-controls_6595b64144ccf1df_6.0.17134.1_none_e4da93291059d8fb\COMCTL32.dll
0x00007ffa16640000 - 0x00007ffa16963000 	C:\Windows\System32\combase.dll
0x00007ffa154e0000 - 0x00007ffa1555a000 	C:\Windows\System32\bcryptPrimitives.dll
0x00007ffa18c50000 - 0x00007ffa18c7d000 	C:\Windows\System32\IMM32.DLL
0x000000005ef40000 - 0x000000005f012000 	D:\AndroidStudio\jre\jre\bin\msvcr100.dll
0x000000005f100000 - 0x000000005f946000 	D:\AndroidStudio\jre\jre\bin\server\jvm.dll
0x00007ffa18c40000 - 0x00007ffa18c48000 	C:\Windows\System32\PSAPI.DLL
0x00007ffa13340000 - 0x00007ffa13349000 	C:\Windows\SYSTEM32\WSOCK32.dll
0x00007ffa16570000 - 0x00007ffa165dc000 	C:\Windows\System32\WS2_32.dll
0x00007ffa131a0000 - 0x00007ffa131c3000 	C:\Windows\SYSTEM32\WINMM.dll
0x00007ffa0eb90000 - 0x00007ffa0eb9a000 	C:\Windows\SYSTEM32\VERSION.dll
0x00007ffa13170000 - 0x00007ffa1319a000 	C:\Windows\SYSTEM32\WINMMBASE.dll
0x00007ffa151f0000 - 0x00007ffa15239000 	C:\Windows\System32\cfgmgr32.dll
0x00007ffa13330000 - 0x00007ffa1333f000 	D:\AndroidStudio\jre\jre\bin\verify.dll
0x00007ffa0dce0000 - 0x00007ffa0dd09000 	D:\AndroidStudio\jre\jre\bin\java.dll
0x00007ffa113d0000 - 0x00007ffa113e6000 	D:\AndroidStudio\jre\jre\bin\zip.dll
0x00007ffa16b40000 - 0x00007ffa17f80000 	C:\Windows\System32\SHELL32.dll
0x00007ffa16970000 - 0x00007ffa16a19000 	C:\Windows\System32\shcore.dll
0x00007ffa15aa0000 - 0x00007ffa161ad000 	C:\Windows\System32\windows.storage.dll
0x00007ffa165e0000 - 0x00007ffa16631000 	C:\Windows\System32\shlwapi.dll
0x00007ffa150d0000 - 0x00007ffa150e1000 	C:\Windows\System32\kernel.appcore.dll
0x00007ffa15040000 - 0x00007ffa1505f000 	C:\Windows\System32\profapi.dll
0x00007ffa15080000 - 0x00007ffa150cc000 	C:\Windows\System32\powrprof.dll
0x00007ffa15030000 - 0x00007ffa1503a000 	C:\Windows\System32\FLTLIB.DLL
0x00007ffa10770000 - 0x00007ffa1078a000 	D:\AndroidStudio\jre\jre\bin\net.dll
0x00007ffa14850000 - 0x00007ffa148b6000 	C:\Windows\system32\mswsock.dll
0x00007ffa0b020000 - 0x00007ffa0b031000 	D:\AndroidStudio\jre\jre\bin\nio.dll
0x00007ff9f35a0000 - 0x00007ff9f35be000 	C:\Users\Administrator\.gradle\native\25\windows-amd64\native-platform.dll
0x00007ffa10d00000 - 0x00007ffa10d0d000 	D:\AndroidStudio\jre\jre\bin\management.dll
0x00007ffa14a60000 - 0x00007ffa14a77000 	C:\Windows\SYSTEM32\CRYPTSP.dll
0x00007ffa14430000 - 0x00007ffa14463000 	C:\Windows\system32\rsaenh.dll
0x00007ffa14b90000 - 0x00007ffa14bb5000 	C:\Windows\SYSTEM32\bcrypt.dll
0x00007ffa14f60000 - 0x00007ffa14f88000 	C:\Windows\SYSTEM32\USERENV.dll
0x00007ffa14a80000 - 0x00007ffa14a8b000 	C:\Windows\SYSTEM32\CRYPTBASE.dll
0x00007ffa145d0000 - 0x00007ffa14608000 	C:\Windows\SYSTEM32\IPHLPAPI.DLL
0x00007ffa16ad0000 - 0x00007ffa16ad8000 	C:\Windows\System32\NSI.dll
0x00007ffa0e120000 - 0x00007ffa0e136000 	C:\Windows\SYSTEM32\dhcpcsvc6.DLL
0x00007ffa0eb10000 - 0x00007ffa0eb2a000 	C:\Windows\SYSTEM32\dhcpcsvc.DLL
0x00007ff9f7910000 - 0x00007ff9f7934000 	D:\AndroidStudio\jre\jre\bin\sunec.dll
0x00007ffa14610000 - 0x00007ffa146ce000 	C:\Windows\SYSTEM32\DNSAPI.dll
0x00007ffa087e0000 - 0x00007ffa087ea000 	C:\Windows\System32\rasadhlp.dll
0x00007ffa09050000 - 0x00007ffa090c2000 	C:\Windows\System32\fwpuclnt.dll
0x00007ffa01970000 - 0x00007ffa0197b000 	D:\AndroidStudio\jre\jre\bin\sunmscapi.dll
0x00007ffa15560000 - 0x00007ffa15742000 	C:\Windows\System32\CRYPT32.dll
0x00007ffa15060000 - 0x00007ffa15072000 	C:\Windows\System32\MSASN1.dll
0x00007ffa14150000 - 0x00007ffa14181000 	C:\Windows\SYSTEM32\ntmarta.dll

VM Arguments:
jvm_args: -XX:MaxPermSize=800m -XX:+HeapDumpOnOutOfMemoryError -Xmx2048M -Dfile.encoding=UTF-8 -Duser.country=CN -Duser.language=zh -Duser.variant 
java_command: org.gradle.launcher.daemon.bootstrap.GradleDaemon 5.1.1
java_class_path (initial): C:\Users\Administrator\.gradle\wrapper\dists\gradle-5.1.1-all\97z1ksx6lirer3kbvdnh7jtjg\gradle-5.1.1\lib\gradle-launcher-5.1.1.jar
Launcher Type: SUN_STANDARD

Environment Variables:
JAVA_HOME=D:\java\jdk
CLASSPATH=.;D:\java\jdk\lib\dt.jar;D:\java\jdk\lib\tools.jar
PATH=C:\Program Files (x86)\Common Files\Oracle\Java\javapath;C:\Windows\system32;C:\Windows;C:\Windows\System32\Wbem;C:\Windows\System32\WindowsPowerShell\v1.0\;C:\Windows\System32\OpenSSH\;D:\Git\cmd;D:\java\jdk\bin;D:\java\jdk\jre\bin;C:\Users\Administrator\AppData\Local\Microsoft\WindowsApps;
USERNAME=Administrator
OS=Windows_NT
PROCESSOR_IDENTIFIER=Intel64 Family 6 Model 158 Stepping 13, GenuineIntel



---------------  S Y S T E M  ---------------

OS: Windows 10.0 , 64 bit Build 17134 (10.0.17134.1)

CPU:total 6 (initial active 6) (6 cores per cpu, 1 threads per core) family 6 model 158 stepping 13, cmov, cx8, fxsr, mmx, sse, sse2, sse3, ssse3, sse4.1, sse4.2, popcnt, avx, avx2, aes, clmul, erms, 3dnowpref, lzcnt, tsc, tscinvbit, bmi1, bmi2, adx

Memory: 4k page, physical 8246484k(1030464k free), swap 8246484k(3352k free)

vm_info: OpenJDK 64-Bit Server VM (25.202-b03) for windows-amd64 JRE (1.8.0_202-release-1483-b03), built by "builder" with MS VC++ 10.0 (VS2010)

time: Wed Dec 18 16:31:44 2019
timezone: 中国标准时间
elapsed time: 25105 seconds (0d 6h 58m 25s)

